<?xml version="1.0" encoding="UTF-8"?>
<testsuite xmlns:xsi="http://www.w3.org/2001/XMLSchema-instance" xsi:noNamespaceSchemaLocation="https://maven.apache.org/surefire/maven-surefire-plugin/xsd/surefire-test-report-3.0.xsd" version="3.0" name="in.liquidice.automation.runners.TestRunner" time="15.211" tests="2" errors="0" skipped="0" failures="1">
  <properties>
[...]
</properties>
  <testcase name="runScenario[&quot;Successful login with valid credentials&quot;, &quot;Login functionality for the web application&quot;](1)" classname="in.liquidice.automation.runners.TestRunner" time="10.631">
    <system-out><![CDATA[
Scenario: Successful login with valid credentials                # src/test/resources/features/login.feature:6
  âœ” Given the user is on the login page                          # in.liquidice.automation.steps.LoginSteps.the_user_is_on_the_login_page()
  âœ” When the user enters username "admin" and password "Admin@1" # in.liquidice.automation.steps.LoginSteps.the_user_enters_username_and_password(java.lang.String,java.lang.String)
  âœ” And clicks the login button                                  # in.liquidice.automation.steps.LoginSteps.clicks_the_login_button()
  âœ” Then the user should login successfully                      # in.liquidice.automation.steps.LoginSteps.the_user_should_login_successfylly()
  âœ” Then the user should logout from application                 # in.liquidice.automation.steps.LoginSteps.the_user_should_logout_from_application()
]]></system-out>
    <system-err><![CDATA[SLF4J: Failed to load class "org.slf4j.impl.StaticLoggerBinder".
SLF4J: Defaulting to no-operation (NOP) logger implementation
SLF4J: See http://www.slf4j.org/codes.html#StaticLoggerBinder for further details.
Jan 15, 2026 9:06:27 PM org.openqa.selenium.devtools.CdpVersionFinder findNearestMatch
WARNING: Unable to find CDP implementation matching 144
Jan 15, 2026 9:06:27 PM org.openqa.selenium.chromium.ChromiumDriver lambda$new$5
WARNING: Unable to find version of CDP to use for 144.0.7559.60. You may need to include a dependency on a specific version of the CDP using something similar to `org.seleniumhq.selenium:selenium-devtools-v86:4.12.0` where the version ("v86") matches the version of the chromium-based browser you're using and the version number of the artifact is the same as Selenium's.
]]></system-err>
  </testcase>
  <testcase name="runScenario[&quot;Login fails with invalid credentials&quot;, &quot;Login functionality for the web application&quot;](2)" classname="in.liquidice.automation.runners.TestRunner" time="2.231">
    <failure message="no such element: Unable to locate element: {&quot;method&quot;:&quot;css selector&quot;,&quot;selector&quot;:&quot;#errorMsg&quot;}&#10;  (Session info: chrome=144.0.7559.60)&#10;For documentation on this error, please visit: https://www.selenium.dev/documentation/webdriver/troubleshooting/errors#no-such-element-exception&#10;Build info: version: &apos;4.12.0&apos;, revision: &apos;249f2a7d1b*&apos;&#10;System info: os.name: &apos;Windows 11&apos;, os.arch: &apos;amd64&apos;, os.version: &apos;10.0&apos;, java.version: &apos;11.0.25&apos;&#10;Driver info: org.openqa.selenium.chrome.ChromeDriver&#10;Command: [2fa0cfe44b3874a1839818e8ceca8f56, findElement {using=id, value=errorMsg}]&#10;Capabilities {acceptInsecureCerts: false, browserName: chrome, browserVersion: 144.0.7559.60, chrome: {chromedriverVersion: 144.0.7559.31 (18537d992890..., userDataDir: C:\Users\kharw\AppData\Loca...}, fedcm:accounts: true, goog:chromeOptions: {debuggerAddress: localhost:54967}, goog:processID: 21092, networkConnectionEnabled: false, pageLoadStrategy: normal, platformName: windows, proxy: Proxy(), se:cdp: ws://localhost:54967/devtoo..., se:cdpVersion: 144.0.7559.60, setWindowRect: true, strictFileInteractability: false, timeouts: {implicit: 0, pageLoad: 300000, script: 30000}, unhandledPromptBehavior: dismiss and notify, webauthn:extension:credBlob: true, webauthn:extension:largeBlob: true, webauthn:extension:minPinLength: true, webauthn:extension:prf: true, webauthn:virtualAuthenticators: true}&#10;Session ID: 2fa0cfe44b3874a1839818e8ceca8f56" type="org.openqa.selenium.NoSuchElementException"><![CDATA[org.openqa.selenium.NoSuchElementException: 
no such element: Unable to locate element: {"method":"css selector","selector":"#errorMsg"}
  (Session info: chrome=144.0.7559.60)
For documentation on this error, please visit: https://www.selenium.dev/documentation/webdriver/troubleshooting/errors#no-such-element-exception
Build info: version: '4.12.0', revision: '249f2a7d1b*'
System info: os.name: 'Windows 11', os.arch: 'amd64', os.version: '10.0', java.version: '11.0.25'
Driver info: org.openqa.selenium.chrome.ChromeDriver
Command: [2fa0cfe44b3874a1839818e8ceca8f56, findElement {using=id, value=errorMsg}]
Capabilities {acceptInsecureCerts: false, browserName: chrome, browserVersion: 144.0.7559.60, chrome: {chromedriverVersion: 144.0.7559.31 (18537d992890..., userDataDir: C:\Users\kharw\AppData\Loca...}, fedcm:accounts: true, goog:chromeOptions: {debuggerAddress: localhost:54967}, goog:processID: 21092, networkConnectionEnabled: false, pageLoadStrategy: normal, platformName: windows, proxy: Proxy(), se:cdp: ws://localhost:54967/devtoo..., se:cdpVersion: 144.0.7559.60, setWindowRect: true, strictFileInteractability: false, timeouts: {implicit: 0, pageLoad: 300000, script: 30000}, unhandledPromptBehavior: dismiss and notify, webauthn:extension:credBlob: true, webauthn:extension:largeBlob: true, webauthn:extension:minPinLength: true, webauthn:extension:prf: true, webauthn:virtualAuthenticators: true}
Session ID: 2fa0cfe44b3874a1839818e8ceca8f56
	at java.base/jdk.internal.reflect.NativeConstructorAccessorImpl.newInstance0(Native Method)
	at java.base/jdk.internal.reflect.NativeConstructorAccessorImpl.newInstance(NativeConstructorAccessorImpl.java:62)
	at java.base/jdk.internal.reflect.DelegatingConstructorAccessorImpl.newInstance(DelegatingConstructorAccessorImpl.java:45)
	at java.base/java.lang.reflect.Constructor.newInstance(Constructor.java:490)
	at org.openqa.selenium.remote.codec.w3c.W3CHttpResponseCodec.createException(W3CHttpResponseCodec.java:200)
	at org.openqa.selenium.remote.codec.w3c.W3CHttpResponseCodec.decode(W3CHttpResponseCodec.java:133)
	at org.openqa.selenium.remote.codec.w3c.W3CHttpResponseCodec.decode(W3CHttpResponseCodec.java:52)
	at org.openqa.selenium.remote.HttpCommandExecutor.execute(HttpCommandExecutor.java:191)
	at org.openqa.selenium.remote.service.DriverCommandExecutor.invokeExecute(DriverCommandExecutor.java:196)
	at org.openqa.selenium.remote.service.DriverCommandExecutor.execute(DriverCommandExecutor.java:171)
	at org.openqa.selenium.remote.RemoteWebDriver.execute(RemoteWebDriver.java:602)
	at org.openqa.selenium.remote.ElementLocation$ElementFinder$2.findElement(ElementLocation.java:165)
	at org.openqa.selenium.remote.ElementLocation.findElement(ElementLocation.java:59)
	at org.openqa.selenium.remote.RemoteWebDriver.findElement(RemoteWebDriver.java:359)
	at org.openqa.selenium.remote.RemoteWebDriver.findElement(RemoteWebDriver.java:353)
	at in.liquidice.automation.steps.LoginSteps.the_user_should_see_an_error_message(LoginSteps.java:51)
	at ✽.the user should see an error message "Invalid username or password"(file:///C:/Suyog/automation-framework/src/test/resources/features/login.feature:17)
]]></failure>
    <system-out><![CDATA[
Scenario: Login fails with invalid credentials                               # src/test/resources/features/login.feature:13
  âœ” Given the user is on the login page                                      # in.liquidice.automation.steps.LoginSteps.the_user_is_on_the_login_page()
  âœ” When the user enters username "wronguser" and password "wrongpass"       # in.liquidice.automation.steps.LoginSteps.the_user_enters_username_and_password(java.lang.String,java.lang.String)
  âœ” And clicks the login button                                              # in.liquidice.automation.steps.LoginSteps.clicks_the_login_button()
  âœ˜ Then the user should see an error message "Invalid username or password" # in.liquidice.automation.steps.LoginSteps.the_user_should_see_an_error_message(java.lang.String)
        org.openqa.selenium.NoSuchElementException: no such element: Unable to locate element: {"method":"css selector","selector":"#errorMsg"}
          (Session info: chrome=144.0.7559.60)
        For documentation on this error, please visit: https://www.selenium.dev/documentation/webdriver/troubleshooting/errors#no-such-element-exception
        Build info: version: '4.12.0', revision: '249f2a7d1b*'
        System info: os.name: 'Windows 11', os.arch: 'amd64', os.version: '10.0', java.version: '11.0.25'
        Driver info: org.openqa.selenium.chrome.ChromeDriver
        Command: [2fa0cfe44b3874a1839818e8ceca8f56, findElement {using=id, value=errorMsg}]
        Capabilities {acceptInsecureCerts: false, browserName: chrome, browserVersion: 144.0.7559.60, chrome: {chromedriverVersion: 144.0.7559.31 (18537d992890..., userDataDir: C:\Users\kharw\AppData\Loca...}, fedcm:accounts: true, goog:chromeOptions: {debuggerAddress: localhost:54967}, goog:processID: 21092, networkConnectionEnabled: false, pageLoadStrategy: normal, platformName: windows, proxy: Proxy(), se:cdp: ws://localhost:54967/devtoo..., se:cdpVersion: 144.0.7559.60, setWindowRect: true, strictFileInteractability: false, timeouts: {implicit: 0, pageLoad: 300000, script: 30000}, unhandledPromptBehavior: dismiss and notify, webauthn:extension:credBlob: true, webauthn:extension:largeBlob: true, webauthn:extension:minPinLength: true, webauthn:extension:prf: true, webauthn:virtualAuthenticators: true}
        Session ID: 2fa0cfe44b3874a1839818e8ceca8f56
        	at java.base/jdk.internal.reflect.NativeConstructorAccessorImpl.newInstance0(Native Method)
        	at java.base/jdk.internal.reflect.NativeConstructorAccessorImpl.newInstance(NativeConstructorAccessorImpl.java:62)
        	at java.base/jdk.internal.reflect.DelegatingConstructorAccessorImpl.newInstance(DelegatingConstructorAccessorImpl.java:45)
        	at java.base/java.lang.reflect.Constructor.newInstance(Constructor.java:490)
        	at org.openqa.selenium.remote.codec.w3c.W3CHttpResponseCodec.createException(W3CHttpResponseCodec.java:200)
        	at org.openqa.selenium.remote.codec.w3c.W3CHttpResponseCodec.decode(W3CHttpResponseCodec.java:133)
        	at org.openqa.selenium.remote.codec.w3c.W3CHttpResponseCodec.decode(W3CHttpResponseCodec.java:52)
        	at org.openqa.selenium.remote.HttpCommandExecutor.execute(HttpCommandExecutor.java:191)
        	at org.openqa.selenium.remote.service.DriverCommandExecutor.invokeExecute(DriverCommandExecutor.java:196)
        	at org.openqa.selenium.remote.service.DriverCommandExecutor.execute(DriverCommandExecutor.java:171)
        	at org.openqa.selenium.remote.RemoteWebDriver.execute(RemoteWebDriver.java:602)
        	at org.openqa.selenium.remote.ElementLocation$ElementFinder$2.findElement(ElementLocation.java:165)
        	at org.openqa.selenium.remote.ElementLocation.findElement(ElementLocation.java:59)
        	at org.openqa.selenium.remote.RemoteWebDriver.findElement(RemoteWebDriver.java:359)
        	at org.openqa.selenium.remote.RemoteWebDriver.findElement(RemoteWebDriver.java:353)
        	at in.liquidice.automation.steps.LoginSteps.the_user_should_see_an_error_message(LoginSteps.java:51)
        	at âœ½.the user should see an error message "Invalid username or password"(file:///C:/Suyog/automation-framework/src/test/resources/features/login.feature:17)
]]></system-out>
    <system-err><![CDATA[Jan 15, 2026 9:06:33 PM org.openqa.selenium.devtools.CdpVersionFinder findNearestMatch
WARNING: Unable to find CDP implementation matching 144
Jan 15, 2026 9:06:33 PM org.openqa.selenium.chromium.ChromiumDriver lambda$new$5
WARNING: Unable to find version of CDP to use for 144.0.7559.60. You may need to include a dependency on a specific version of the CDP using something similar to `org.seleniumhq.selenium:selenium-devtools-v86:4.12.0` where the version ("v86") matches the version of the chromium-based browser you're using and the version number of the artifact is the same as Selenium's.
]]></system-err>
  </testcase>
</testsuite>