<?xml version="1.0" encoding="UTF-8"?>
<!-- Generated by org.testng.reporters.JUnitReportReporter -->
<testsuite hostname="Suyog" failures="0" tests="2" name="in.liquidice.automation.runners.TestRunner" time="12.408" errors="0" timestamp="2026-01-15T22:42:55 IST" skipped="0">
  <testcase classname="in.liquidice.automation.runners.TestRunner" name="runScenario" time="8.630"/>
  <testcase classname="in.liquidice.automation.runners.TestRunner" name="runScenario" time="3.778"/>
</testsuite> <!-- in.liquidice.automation.runners.TestRunner -->
